d:\project\2dgames\x64\debug\2dgames.lib
d:\project\2dgames\x64\debug\2dgames.exp
d:\project\2dgames\2dgames\x64\debug\vc142.pdb
d:\project\2dgames\2dgames\x64\debug\vc142.idb
d:\project\2dgames\2dgames\x64\debug\glad.obj
d:\project\2dgames\2dgames\x64\debug\text_renderer.obj
d:\project\2dgames\2dgames\x64\debug\texture.obj
d:\project\2dgames\2dgames\x64\debug\stb_image.obj
d:\project\2dgames\2dgames\x64\debug\sprite_renderer.obj
d:\project\2dgames\2dgames\x64\debug\post_processor.obj
d:\project\2dgames\2dgames\x64\debug\shader.obj
d:\project\2dgames\2dgames\x64\debug\resource_manager.obj
d:\project\2dgames\2dgames\x64\debug\program.obj
d:\project\2dgames\2dgames\x64\debug\particle_generator.obj
d:\project\2dgames\2dgames\x64\debug\game_object.obj
d:\project\2dgames\2dgames\x64\debug\game_level.obj
d:\project\2dgames\2dgames\x64\debug\game.obj
d:\project\2dgames\2dgames\x64\debug\ball_object.obj
d:\project\2dgames\2dgames\x64\debug\2dgames.ilk
d:\project\2dgames\x64\debug\2dgames.exe
d:\project\2dgames\x64\debug\2dgames.pdb
d:\project\2dgames\2dgames\x64\debug\2dgames.tlog\2dgames.write.1u.tlog
d:\project\2dgames\2dgames\x64\debug\2dgames.tlog\cl.command.1.tlog
d:\project\2dgames\2dgames\x64\debug\2dgames.tlog\cl.read.1.tlog
d:\project\2dgames\2dgames\x64\debug\2dgames.tlog\cl.write.1.tlog
d:\project\2dgames\2dgames\x64\debug\2dgames.tlog\link.command.1.tlog
d:\project\2dgames\2dgames\x64\debug\2dgames.tlog\link.read.1.tlog
d:\project\2dgames\2dgames\x64\debug\2dgames.tlog\link.write.1.tlog
